TN:
SF:src\api\compraApi.ts
FN:6,(anonymous_1)
FN:11,(anonymous_2)
FNF:2
FNH:2
FNDA:2,(anonymous_1)
FNDA:2,(anonymous_2)
DA:1,1
DA:3,1
DA:6,1
DA:7,2
DA:8,1
DA:11,1
DA:12,2
DA:13,1
LF:8
LH:8
BRF:0
BRH:0
end_of_record
TN:
SF:src\api\integration.ts
FN:4,(anonymous_0)
FN:25,(anonymous_1)
FN:37,(anonymous_2)
FN:73,(anonymous_3)
FNF:4
FNH:4
FNDA:1,(anonymous_0)
FNDA:1,(anonymous_1)
FNDA:1,(anonymous_2)
FNDA:1,(anonymous_3)
DA:1,1
DA:2,1
DA:4,1
DA:11,1
DA:20,1
DA:21,1
DA:25,1
DA:26,1
DA:33,1
DA:34,1
DA:37,1
DA:45,1
DA:70,1
DA:73,1
DA:74,1
DA:81,1
LF:16
LH:16
BRF:0
BRH:0
end_of_record
TN:
SF:src\api\productoApi.ts
FN:5,(anonymous_1)
FNF:1
FNH:1
FNDA:2,(anonymous_1)
DA:1,1
DA:3,1
DA:5,1
DA:6,2
DA:7,1
LF:5
LH:5
BRF:0
BRH:0
end_of_record
TN:
SF:src\components\ListaProductos.tsx
FN:20,(anonymous_10)
FN:32,(anonymous_11)
FN:37,(anonymous_12)
FN:42,(anonymous_13)
FN:68,(anonymous_14)
FN:133,(anonymous_15)
FN:134,(anonymous_16)
FN:139,(anonymous_17)
FN:144,(anonymous_18)
FN:151,(anonymous_19)
FN:156,(anonymous_20)
FNF:11
FNH:8
FNDA:33,(anonymous_10)
FNDA:7,(anonymous_11)
FNDA:5,(anonymous_12)
FNDA:2,(anonymous_13)
FNDA:4,(anonymous_14)
FNDA:52,(anonymous_15)
FNDA:7,(anonymous_16)
FNDA:5,(anonymous_17)
FNDA:0,(anonymous_18)
FNDA:0,(anonymous_19)
FNDA:0,(anonymous_20)
DA:1,1
DA:3,1
DA:4,1
DA:5,1
DA:6,1
DA:7,1
DA:8,1
DA:9,1
DA:10,1
DA:11,1
DA:12,1
DA:13,1
DA:14,1
DA:20,1
DA:21,33
DA:22,33
DA:23,33
DA:24,33
DA:25,33
DA:26,33
DA:27,33
DA:28,33
DA:29,33
DA:30,33
DA:32,33
DA:33,7
DA:34,7
DA:37,33
DA:38,5
DA:39,5
DA:42,33
DA:43,2
DA:44,2
DA:45,2
DA:47,1
DA:56,1
DA:57,1
DA:58,1
DA:61,1
DA:62,1
DA:64,2
DA:68,33
DA:69,4
DA:70,4
DA:71,4
DA:81,3
DA:92,3
DA:101,3
DA:106,3
DA:107,3
DA:109,3
DA:111,1
DA:112,1
DA:113,1
DA:114,1
DA:118,33
DA:119,1
DA:122,32
DA:124,26
DA:134,52
DA:139,5
DA:144,0
DA:151,0
DA:156,0
DA:164,1
LF:65
LH:62
BRDA:118,0,0,1
BRDA:122,1,0,6
BRDA:147,2,0,26
BRDA:147,2,1,0
BRDA:152,3,0,26
BRDA:152,3,1,24
BRF:6
BRH:5
end_of_record
TN:
SF:src\components\Loader.tsx
FN:3,(anonymous_1)
FNF:1
FNH:1
FNDA:6,(anonymous_1)
DA:1,1
DA:3,1
DA:4,6
DA:15,1
LF:4
LH:4
BRF:0
BRH:0
end_of_record
TN:
SF:src\components\ProductoCard.tsx
FN:19,(anonymous_9)
FN:22,(anonymous_10)
FN:26,(anonymous_11)
FN:66,(anonymous_12)
FN:75,(anonymous_13)
FNF:5
FNH:5
FNDA:59,(anonymous_9)
FNDA:4,(anonymous_10)
FNDA:2,(anonymous_11)
FNDA:4,(anonymous_12)
FNDA:8,(anonymous_13)
DA:1,2
DA:3,2
DA:19,2
DA:20,59
DA:22,59
DA:23,4
DA:24,3
DA:25,3
DA:26,2
DA:29,59
DA:66,4
DA:75,8
DA:87,2
LF:13
LH:13
BRDA:23,0,0,1
BRDA:24,1,0,3
BRDA:24,1,1,0
BRDA:25,2,0,1
BRDA:33,3,0,59
BRDA:33,3,1,0
BRDA:54,4,0,59
BRDA:54,4,1,0
BRDA:55,5,0,59
BRDA:55,5,1,0
BRDA:65,6,0,59
BRDA:65,6,1,56
BRDA:75,7,0,8
BRDA:75,7,1,7
BRF:14
BRH:10
end_of_record
TN:
SF:src\components\Modales\ModalError.tsx
FN:17,(anonymous_1)
FNF:1
FNH:1
FNDA:26,(anonymous_1)
DA:1,1
DA:2,1
DA:17,1
DA:18,26
DA:33,1
LF:5
LH:5
BRF:0
BRH:0
end_of_record
TN:
SF:src\components\Modales\ModalPago.tsx
FN:23,ModalPago
FN:37,(anonymous_2)
FN:43,(anonymous_3)
FN:51,(anonymous_4)
FN:58,(anonymous_5)
FN:75,(anonymous_6)
FN:83,(anonymous_7)
FN:128,(anonymous_8)
FN:142,(anonymous_9)
FN:156,(anonymous_10)
FNF:10
FNH:10
FNDA:68,ModalPago
FNDA:5,(anonymous_2)
FNDA:68,(anonymous_3)
FNDA:6,(anonymous_4)
FNDA:6,(anonymous_5)
FNDA:6,(anonymous_6)
FNDA:6,(anonymous_7)
FNDA:6,(anonymous_8)
FNDA:6,(anonymous_9)
FNDA:6,(anonymous_10)
DA:2,1
DA:3,1
DA:13,1
DA:14,1
DA:15,1
DA:16,1
DA:23,1
DA:24,68
DA:25,68
DA:26,68
DA:27,68
DA:28,68
DA:29,68
DA:30,68
DA:32,68
DA:33,68
DA:35,68
DA:37,68
DA:38,5
DA:39,5
DA:40,5
DA:43,68
DA:44,68
DA:45,68
DA:46,27
DA:49,68
DA:51,68
DA:52,6
DA:53,6
DA:54,6
DA:58,68
DA:59,6
DA:60,6
DA:61,6
DA:65,68
DA:75,6
DA:83,6
DA:128,6
DA:142,6
DA:156,6
LF:40
LH:40
BRDA:35,0,0,68
BRDA:35,0,1,68
BRDA:35,0,2,41
BRDA:35,0,3,41
BRDA:35,0,4,23
BRDA:35,0,5,23
BRDA:35,0,6,23
BRDA:35,0,7,11
BRDA:38,1,0,0
BRDA:38,2,0,5
BRDA:38,2,1,5
BRDA:38,2,2,5
BRDA:38,2,3,5
BRDA:38,2,4,5
BRDA:44,3,0,0
BRDA:45,4,0,41
BRDA:45,5,0,68
BRDA:45,5,1,27
BRDA:53,6,0,6
BRDA:60,7,0,6
BRDA:87,8,0,68
BRDA:87,8,1,0
BRDA:90,9,0,68
BRDA:90,9,1,41
BRF:24
BRH:21
end_of_record
TN:
SF:src\components\Modales\ModalResumen.tsx
FN:24,(anonymous_1)
FN:56,(anonymous_2)
FNF:2
FNH:2
FNDA:26,(anonymous_1)
FNDA:4,(anonymous_2)
DA:1,1
DA:2,1
DA:24,1
DA:33,26
DA:34,26
DA:36,26
DA:56,4
DA:66,1
LF:8
LH:8
BRDA:30,0,0,26
BRDA:31,1,0,26
BRF:2
BRH:2
end_of_record
TN:
SF:src\components\Modales\ModalTransaccion.tsx
FN:20,(anonymous_1)
FNF:1
FNH:1
FNDA:26,(anonymous_1)
DA:1,1
DA:2,1
DA:11,1
DA:20,1
DA:26,26
DA:51,1
LF:6
LH:6
BRF:0
BRH:0
end_of_record
TN:
SF:src\pages\Home.tsx
FN:7,(anonymous_10)
FN:9,(anonymous_11)
FN:11,(anonymous_12)
FNF:3
FNH:2
FNDA:4,(anonymous_10)
FNDA:0,(anonymous_11)
FNDA:4,(anonymous_12)
DA:1,1
DA:2,1
DA:3,1
DA:4,1
DA:5,1
DA:7,1
DA:8,4
DA:9,4
DA:11,4
DA:12,4
DA:15,4
DA:16,3
DA:18,2
DA:38,1
LF:14
LH:14
BRDA:15,0,0,1
BRDA:16,1,0,1
BRF:2
BRH:2
end_of_record
TN:
SF:src\types\cliente.ts
FNF:0
FNH:0
DA:11,1
LF:1
LH:1
BRF:0
BRH:0
end_of_record
TN:
SF:src\types\compra.ts
FNF:0
FNH:0
DA:31,1
LF:1
LH:1
BRF:0
BRH:0
end_of_record
TN:
SF:src\types\producto.ts
FNF:0
FNH:0
DA:9,1
LF:1
LH:1
BRF:0
BRH:0
end_of_record
TN:
SF:src\utils\contants.ts
FNF:0
FNH:0
DA:1,4
DA:3,4
DA:4,4
DA:5,4
DA:6,4
LF:5
LH:5
BRF:0
BRH:0
end_of_record
TN:
SF:src\utils\env.ts
FN:1,(anonymous_0)
FNF:1
FNH:0
FNDA:0,(anonymous_0)
DA:1,0
DA:2,0
DA:3,0
DA:6,0
DA:7,0
DA:10,0
DA:12,0
LF:7
LH:0
BRDA:2,0,0,0
BRDA:2,1,0,0
BRDA:2,1,1,0
BRDA:2,1,2,0
BRDA:6,2,0,0
BRDA:6,3,0,0
BRDA:6,3,1,0
BRDA:6,3,2,0
BRDA:10,4,0,0
BRF:9
BRH:0
end_of_record
TN:
SF:src\utils\utils.ts
FN:4,(anonymous_0)
FN:11,(anonymous_1)
FNF:2
FNH:0
FNDA:0,(anonymous_0)
FNDA:0,(anonymous_1)
DA:2,0
DA:4,0
DA:6,0
DA:8,0
DA:9,0
DA:10,0
DA:11,0
DA:13,0
LF:8
LH:0
BRF:0
BRH:0
end_of_record
